Determining if the pthread_create exist failed with the following output:
Change Dir: /home/maus/CLionProjects/lab-01-parser/cmake-build-debug/CMakeFiles/CMakeTmp

Run Build Command(s):/usr/bin/make cmTC_ffd65/fast 
/usr/bin/make -f CMakeFiles/cmTC_ffd65.dir/build.make CMakeFiles/cmTC_ffd65.dir/build
make[1]: вход в каталог «/home/maus/CLionProjects/lab-01-parser/cmake-build-debug/CMakeFiles/CMakeTmp»
Building C object CMakeFiles/cmTC_ffd65.dir/CheckSymbolExists.c.o
/usr/bin/cc    -o CMakeFiles/cmTC_ffd65.dir/CheckSymbolExists.c.o   -c /home/maus/CLionProjects/lab-01-parser/cmake-build-debug/CMakeFiles/CMakeTmp/CheckSymbolExists.c
Linking C executable cmTC_ffd65
/home/maus/jetbrains/clion-2019.1.3/bin/cmake/linux/bin/cmake -E cmake_link_script CMakeFiles/cmTC_ffd65.dir/link.txt --verbose=1
/usr/bin/cc      CMakeFiles/cmTC_ffd65.dir/CheckSymbolExists.c.o  -o cmTC_ffd65 
CMakeFiles/cmTC_ffd65.dir/CheckSymbolExists.c.o: In function `main':
CheckSymbolExists.c:(.text+0x1b): undefined reference to `pthread_create'
collect2: error: ld returned 1 exit status
CMakeFiles/cmTC_ffd65.dir/build.make:86: recipe for target 'cmTC_ffd65' failed
make[1]: *** [cmTC_ffd65] Error 1
make[1]: выход из каталога «/home/maus/CLionProjects/lab-01-parser/cmake-build-debug/CMakeFiles/CMakeTmp»
Makefile:121: recipe for target 'cmTC_ffd65/fast' failed
make: *** [cmTC_ffd65/fast] Error 2

File /home/maus/CLionProjects/lab-01-parser/cmake-build-debug/CMakeFiles/CMakeTmp/CheckSymbolExists.c:
/* */
#include <pthread.h>

int main(int argc, char** argv)
{
  (void)argv;
#ifndef pthread_create
  return ((int*)(&pthread_create))[argc];
#else
  (void)argc;
  return 0;
#endif
}

Determining if the function pthread_create exists in the pthreads failed with the following output:
Change Dir: /home/maus/CLionProjects/lab-01-parser/cmake-build-debug/CMakeFiles/CMakeTmp

Run Build Command(s):/usr/bin/make cmTC_cd1c5/fast 
/usr/bin/make -f CMakeFiles/cmTC_cd1c5.dir/build.make CMakeFiles/cmTC_cd1c5.dir/build
make[1]: вход в каталог «/home/maus/CLionProjects/lab-01-parser/cmake-build-debug/CMakeFiles/CMakeTmp»
Building C object CMakeFiles/cmTC_cd1c5.dir/CheckFunctionExists.c.o
/usr/bin/cc   -DCHECK_FUNCTION_EXISTS=pthread_create   -o CMakeFiles/cmTC_cd1c5.dir/CheckFunctionExists.c.o   -c /home/maus/jetbrains/clion-2019.1.3/bin/cmake/linux/share/cmake-3.14/Modules/CheckFunctionExists.c
Linking C executable cmTC_cd1c5
/home/maus/jetbrains/clion-2019.1.3/bin/cmake/linux/bin/cmake -E cmake_link_script CMakeFiles/cmTC_cd1c5.dir/link.txt --verbose=1
/usr/bin/cc  -DCHECK_FUNCTION_EXISTS=pthread_create    CMakeFiles/cmTC_cd1c5.dir/CheckFunctionExists.c.o  -o cmTC_cd1c5 -lpthreads 
/usr/bin/ld: cannot find -lpthreads
collect2: error: ld returned 1 exit status
CMakeFiles/cmTC_cd1c5.dir/build.make:86: recipe for target 'cmTC_cd1c5' failed
make[1]: *** [cmTC_cd1c5] Error 1
make[1]: выход из каталога «/home/maus/CLionProjects/lab-01-parser/cmake-build-debug/CMakeFiles/CMakeTmp»
Makefile:121: recipe for target 'cmTC_cd1c5/fast' failed
make: *** [cmTC_cd1c5/fast] Error 2


